<?xml version="1.0" encoding="UTF-8"?>
<testng-results ignored="0" total="1" passed="1" failed="0" skipped="0">
  <reporter-output>
  </reporter-output>
  <suite started-at="2023-01-18T16:03:55Z" name="[Demo] Windows: TestNG Execution using HyperExecute" finished-at="2023-01-18T16:04:25Z" duration-ms="30167">
    <groups>
    </groups>
    <test started-at="2023-01-18T16:03:55Z" name="Test6" finished-at="2023-01-18T16:04:25Z" duration-ms="30167">
      <class name="Test6">
        <test-method signature="test1()[pri:0, instance:Test6@30ee2816]" started-at="2023-01-18T16:03:55Z" name="test1" finished-at="2023-01-18T16:04:25Z" duration-ms="30155" status="PASS">
          <reporter-output>
          </reporter-output>
        </test-method> <!-- test1 -->
      </class> <!-- Test6 -->
    </test> <!-- Test6 -->
  </suite> <!-- [Demo] Windows: TestNG Execution using HyperExecute -->
</testng-results>
